<?xml version="1.0" encoding="UTF-8"?>
<!-- Generated by org.testng.reporters.JUnitReportReporter -->
<testsuite hostname="Kishan" failures="0" tests="1" name="KishanPractice.AFW_handling.TestNgTest" time="20.004" errors="0" timestamp="2023-11-30T22:16:24 IST" skipped="0">
  <testcase classname="KishanPractice.AFW_handling.TestNgTest" name="googleSearch" time="20.004"/>
</testsuite> <!-- KishanPractice.AFW_handling.TestNgTest -->
