<?xml version="1.0" encoding="UTF-8"?>
<!-- Generated by org.testng.reporters.JUnitReportReporter -->
<testsuite hostname="Kishan" failures="0" tests="4" name="KishanPractice.TestNG.TestNgTest" time="3.005" errors="0" timestamp="2023-12-03T16:01:48 IST" skipped="0">
  <testcase classname="KishanPractice.TestNG.TestNgTest" name="radioButtons" time="0.413"/>
  <testcase classname="KishanPractice.TestNG.TestNgTest" name="countrySuggestion" time="2.294"/>
  <testcase classname="KishanPractice.TestNG.TestNgTest" name="dropdown" time="0.191"/>
  <testcase classname="KishanPractice.TestNG.TestNgTest" name="checkBox" time="0.107"/>
</testsuite> <!-- KishanPractice.TestNG.TestNgTest -->
